<?xml version="1.0" encoding="UTF-8"?>
<!-- Generated by org.testng.reporters.JUnitReportReporter -->
<testsuite skipped="0" hostname="MacBook-Air" name="practical.TestCase4" tests="1" failures="0" timestamp="2022-02-07T14:49:14 SAST" time="34.538" errors="0">
  <testcase name="test1" time="34.538" classname="practical.TestCase4"/>
  <system-out/>
</testsuite> <!-- practical.TestCase4 -->
