<?xml version="1.0" encoding="UTF-8"?>
<!-- Generated by org.testng.reporters.JUnitReportReporter -->
<testsuite skipped="0" hostname="MacBook-Air" name="practical.TestCase6" tests="1" failures="0" timestamp="2022-02-07T21:47:19 SAST" time="56.678" errors="0">
  <testcase name="test1" time="56.678" classname="practical.TestCase6"/>
  <system-out/>
</testsuite> <!-- practical.TestCase6 -->
