<?xml version="1.0" encoding="UTF-8"?>
<!-- Generated by org.testng.reporters.JUnitReportReporter -->
<testsuite skipped="0" hostname="MacBook-Air" name="practical.TestCase02" tests="1" failures="0" timestamp="2022-02-07T13:52:39 SAST" time="174.644" errors="0">
  <testcase name="test2" time="174.644" classname="practical.TestCase02"/>
  <system-out/>
</testsuite> <!-- practical.TestCase02 -->
