<?xml version="1.0" encoding="UTF-8"?>
<!-- Generated by org.testng.reporters.JUnitReportReporter -->
<testsuite skipped="0" hostname="MacBook-Air" name="practical.TestCase5" tests="1" failures="0" timestamp="2022-02-07T20:50:03 SAST" time="55.484" errors="0">
  <testcase name="test1" time="55.484" classname="practical.TestCase5"/>
  <system-out/>
</testsuite> <!-- practical.TestCase5 -->
