<?xml version="1.0" encoding="UTF-8"?>
<!-- Generated by org.testng.reporters.JUnitReportReporter -->
<testsuite skipped="0" hostname="MacBook-Air" name="practical.TestCase3" tests="1" failures="0" timestamp="2022-02-07T14:34:03 SAST" time="55.295" errors="0">
  <testcase name="test3" time="55.295" classname="practical.TestCase3"/>
  <system-out/>
</testsuite> <!-- practical.TestCase3 -->
